<?xml version="1.0" encoding="UTF-8"?>
<!-- Generated by org.testng.reporters.JUnitReportReporter -->
<testsuite ignored="0" hostname="LAPTOP-IDOHGC6E" failures="0" tests="1" name="com.automation.testcases.TestCaseWithoutFramework" time="30.622" errors="0" timestamp="06 Feb 2019 16:13:02 GMT" skipped="0">
  <testcase classname="com.automation.testcases.TestCaseWithoutFramework" name="freeCRMLogin" time="30.622"/>
</testsuite> <!-- com.automation.testcases.TestCaseWithoutFramework -->
