<?xml version="1.0" encoding="UTF-8"?>
<!-- Generated by org.testng.reporters.JUnitReportReporter -->
<testsuite ignored="0" hostname="LAPTOP-IDOHGC6E" failures="0" tests="1" name="com.automation.testcases.LoginApp" time="4.525" errors="0" timestamp="07 Feb 2019 11:26:51 GMT" skipped="0">
  <testcase classname="com.automation.testcases.LoginApp" name="Login" time="4.525"/>
</testsuite> <!-- com.automation.testcases.LoginApp -->
